---
  0 info pnpm:store: "Nothing to stop. No server is running for the store at C:\\Users\\Arsh\\.pnpm-store\\2"
  1 debug pnpm:scope: 
    selected: 1
    workspacePrefix: null
  2 debug pnpm: 
    isCaseSensitive: false
    store: "C:\\Users\\Arsh\\.pnpm-store\\2"
  3 debug pnpm:package-json: 
    initial: {}
    prefix: "C:\\Users\\Arsh\\AppData\\Roaming\\npm\\pnpm-global\\2"
  4 debug pnpm:stage: 
    prefix: "C:\\Users\\Arsh\\AppData\\Roaming\\npm\\pnpm-global\\2"
    stage: "resolution_started"
  5 debug pnpm:_dependency_resolved: 
    resolution: "registry.npmjs.org/pnpm/3.0.1"
    wanted: 
      name: "pnpm"
      rawSpec: "pnpm"
  6 debug pnpm:progress: 
    packageId: "registry.npmjs.org/pnpm/3.0.1"
    requester: "C:\\Users\\Arsh\\AppData\\Roaming\\npm\\pnpm-global\\2"
    status: "resolved"
  7 debug pnpm:stage: 
    prefix: "C:\\Users\\Arsh\\AppData\\Roaming\\npm\\pnpm-global\\2"
    stage: "resolution_done"
  8 debug pnpm:fetching-progress: 
    attempt: 1
    packageId: "registry.npmjs.org/pnpm/3.0.1"
    size: 5358895
    status: "started"
  9 debug pnpm:fetching-progress: 
    downloaded: 15754
    packageId: "registry.npmjs.org/pnpm/3.0.1"
    status: "in_progress"
  10 debug pnpm:fetching-progress: 
    downloaded: 32138
    packageId: "registry.npmjs.org/pnpm/3.0.1"
    status: "in_progress"
  11 debug pnpm:fetching-progress: 
    downloaded: 47848
    packageId: "registry.npmjs.org/pnpm/3.0.1"
    status: "in_progress"
  12 debug pnpm:fetching-progress: 
    downloaded: 64232
    packageId: "registry.npmjs.org/pnpm/3.0.1"
    status: "in_progress"
  13 debug pnpm:package-json: 
    prefix: "C:\\Users\\Arsh\\AppData\\Roaming\\npm\\pnpm-global\\2"
    updated: 
      dependencies: 
        pnpm: "^3.0.1"
  14 debug pnpm:stats: 
    prefix: "C:\\Users\\Arsh\\AppData\\Roaming\\npm\\pnpm-global\\2"
    removed: 0
  15 debug pnpm:fetching-progress: 
    downloaded: 80616
    packageId: "registry.npmjs.org/pnpm/3.0.1"
    status: "in_progress"
  16 debug pnpm:fetching-progress: 
    downloaded: 97000
    packageId: "registry.npmjs.org/pnpm/3.0.1"
    status: "in_progress"
  17 debug pnpm:fetching-progress: 
    downloaded: 113384
    packageId: "registry.npmjs.org/pnpm/3.0.1"
    status: "in_progress"
  18 debug pnpm:fetching-progress: 
    downloaded: 129768
    packageId: "registry.npmjs.org/pnpm/3.0.1"
    status: "in_progress"
  19 debug pnpm:fetching-progress: 
    downloaded: 146152
    packageId: "registry.npmjs.org/pnpm/3.0.1"
    status: "in_progress"
  20 debug pnpm:fetching-progress: 
    downloaded: 162536
    packageId: "registry.npmjs.org/pnpm/3.0.1"
    status: "in_progress"
  21 debug pnpm:fetching-progress: 
    downloaded: 178920
    packageId: "registry.npmjs.org/pnpm/3.0.1"
    status: "in_progress"
  22 debug pnpm:fetching-progress: 
    downloaded: 195304
    packageId: "registry.npmjs.org/pnpm/3.0.1"
    status: "in_progress"
  23 debug pnpm:fetching-progress: 
    downloaded: 211688
    packageId: "registry.npmjs.org/pnpm/3.0.1"
    status: "in_progress"
  24 debug pnpm:fetching-progress: 
    downloaded: 228072
    packageId: "registry.npmjs.org/pnpm/3.0.1"
    status: "in_progress"
  25 debug pnpm:fetching-progress: 
    downloaded: 244456
    packageId: "registry.npmjs.org/pnpm/3.0.1"
    status: "in_progress"
  26 debug pnpm:fetching-progress: 
    downloaded: 260840
    packageId: "registry.npmjs.org/pnpm/3.0.1"
    status: "in_progress"
  27 debug pnpm:fetching-progress: 
    downloaded: 277224
    packageId: "registry.npmjs.org/pnpm/3.0.1"
    status: "in_progress"
  28 debug pnpm:fetching-progress: 
    downloaded: 293608
    packageId: "registry.npmjs.org/pnpm/3.0.1"
    status: "in_progress"
  29 debug pnpm:fetching-progress: 
    downloaded: 309992
    packageId: "registry.npmjs.org/pnpm/3.0.1"
    status: "in_progress"
  30 debug pnpm:fetching-progress: 
    downloaded: 326376
    packageId: "registry.npmjs.org/pnpm/3.0.1"
    status: "in_progress"
  31 debug pnpm:fetching-progress: 
    downloaded: 342760
    packageId: "registry.npmjs.org/pnpm/3.0.1"
    status: "in_progress"
  32 debug pnpm:fetching-progress: 
    downloaded: 359144
    packageId: "registry.npmjs.org/pnpm/3.0.1"
    status: "in_progress"
  33 debug pnpm:fetching-progress: 
    downloaded: 375528
    packageId: "registry.npmjs.org/pnpm/3.0.1"
    status: "in_progress"
  34 debug pnpm:fetching-progress: 
    downloaded: 391912
    packageId: "registry.npmjs.org/pnpm/3.0.1"
    status: "in_progress"
  35 debug pnpm:fetching-progress: 
    downloaded: 408296
    packageId: "registry.npmjs.org/pnpm/3.0.1"
    status: "in_progress"
  36 debug pnpm:fetching-progress: 
    downloaded: 424680
    packageId: "registry.npmjs.org/pnpm/3.0.1"
    status: "in_progress"
  37 debug pnpm:fetching-progress: 
    downloaded: 441064
    packageId: "registry.npmjs.org/pnpm/3.0.1"
    status: "in_progress"
  38 debug pnpm:fetching-progress: 
    downloaded: 457448
    packageId: "registry.npmjs.org/pnpm/3.0.1"
    status: "in_progress"
  39 debug pnpm:fetching-progress: 
    downloaded: 473832
    packageId: "registry.npmjs.org/pnpm/3.0.1"
    status: "in_progress"
  40 debug pnpm:fetching-progress: 
    downloaded: 490216
    packageId: "registry.npmjs.org/pnpm/3.0.1"
    status: "in_progress"
  41 debug pnpm:fetching-progress: 
    downloaded: 506600
    packageId: "registry.npmjs.org/pnpm/3.0.1"
    status: "in_progress"
  42 debug pnpm:fetching-progress: 
    downloaded: 522984
    packageId: "registry.npmjs.org/pnpm/3.0.1"
    status: "in_progress"
  43 debug pnpm:fetching-progress: 
    downloaded: 539368
    packageId: "registry.npmjs.org/pnpm/3.0.1"
    status: "in_progress"
  44 debug pnpm:fetching-progress: 
    downloaded: 555752
    packageId: "registry.npmjs.org/pnpm/3.0.1"
    status: "in_progress"
  45 debug pnpm:fetching-progress: 
    downloaded: 572136
    packageId: "registry.npmjs.org/pnpm/3.0.1"
    status: "in_progress"
  46 debug pnpm:fetching-progress: 
    downloaded: 588520
    packageId: "registry.npmjs.org/pnpm/3.0.1"
    status: "in_progress"
  47 debug pnpm:fetching-progress: 
    downloaded: 604904
    packageId: "registry.npmjs.org/pnpm/3.0.1"
    status: "in_progress"
  48 debug pnpm:fetching-progress: 
    downloaded: 621288
    packageId: "registry.npmjs.org/pnpm/3.0.1"
    status: "in_progress"
  49 debug pnpm:fetching-progress: 
    downloaded: 637672
    packageId: "registry.npmjs.org/pnpm/3.0.1"
    status: "in_progress"
  50 debug pnpm:fetching-progress: 
    downloaded: 654056
    packageId: "registry.npmjs.org/pnpm/3.0.1"
    status: "in_progress"
  51 debug pnpm:fetching-progress: 
    downloaded: 666344
    packageId: "registry.npmjs.org/pnpm/3.0.1"
    status: "in_progress"
  52 debug pnpm:fetching-progress: 
    downloaded: 682728
    packageId: "registry.npmjs.org/pnpm/3.0.1"
    status: "in_progress"
  53 debug pnpm:fetching-progress: 
    downloaded: 699112
    packageId: "registry.npmjs.org/pnpm/3.0.1"
    status: "in_progress"
  54 debug pnpm:fetching-progress: 
    downloaded: 715496
    packageId: "registry.npmjs.org/pnpm/3.0.1"
    status: "in_progress"
  55 debug pnpm:fetching-progress: 
    downloaded: 719592
    packageId: "registry.npmjs.org/pnpm/3.0.1"
    status: "in_progress"
  56 debug pnpm:fetching-progress: 
    downloaded: 735976
    packageId: "registry.npmjs.org/pnpm/3.0.1"
    status: "in_progress"
  57 debug pnpm:fetching-progress: 
    downloaded: 740072
    packageId: "registry.npmjs.org/pnpm/3.0.1"
    status: "in_progress"
  58 debug pnpm:fetching-progress: 
    downloaded: 752360
    packageId: "registry.npmjs.org/pnpm/3.0.1"
    status: "in_progress"
  59 debug pnpm:fetching-progress: 
    downloaded: 760552
    packageId: "registry.npmjs.org/pnpm/3.0.1"
    status: "in_progress"
  60 debug pnpm:fetching-progress: 
    downloaded: 776936
    packageId: "registry.npmjs.org/pnpm/3.0.1"
    status: "in_progress"
  61 debug pnpm:fetching-progress: 
    downloaded: 781032
    packageId: "registry.npmjs.org/pnpm/3.0.1"
    status: "in_progress"
  62 debug pnpm:fetching-progress: 
    downloaded: 793320
    packageId: "registry.npmjs.org/pnpm/3.0.1"
    status: "in_progress"
  63 debug pnpm:fetching-progress: 
    downloaded: 805608
    packageId: "registry.npmjs.org/pnpm/3.0.1"
    status: "in_progress"
  64 debug pnpm:stage: 
    prefix: "C:\\Users\\Arsh\\AppData\\Roaming\\npm\\pnpm-global\\2"
    stage: "importing_started"
  65 debug pnpm:stats: 
    added: 1
    prefix: "C:\\Users\\Arsh\\AppData\\Roaming\\npm\\pnpm-global\\2"
  66 debug pnpm:fetching-progress: 
    downloaded: 813800
    packageId: "registry.npmjs.org/pnpm/3.0.1"
    status: "in_progress"
  67 debug pnpm:fetching-progress: 
    downloaded: 826088
    packageId: "registry.npmjs.org/pnpm/3.0.1"
    status: "in_progress"
  68 debug pnpm:fetching-progress: 
    downloaded: 830184
    packageId: "registry.npmjs.org/pnpm/3.0.1"
    status: "in_progress"
  69 debug pnpm:fetching-progress: 
    downloaded: 842472
    packageId: "registry.npmjs.org/pnpm/3.0.1"
    status: "in_progress"
  70 debug pnpm:fetching-progress: 
    downloaded: 850664
    packageId: "registry.npmjs.org/pnpm/3.0.1"
    status: "in_progress"
  71 debug pnpm:fetching-progress: 
    downloaded: 854760
    packageId: "registry.npmjs.org/pnpm/3.0.1"
    status: "in_progress"
  72 debug pnpm:fetching-progress: 
    downloaded: 862952
    packageId: "registry.npmjs.org/pnpm/3.0.1"
    status: "in_progress"
  73 debug pnpm:fetching-progress: 
    downloaded: 871144
    packageId: "registry.npmjs.org/pnpm/3.0.1"
    status: "in_progress"
  74 debug pnpm:fetching-progress: 
    downloaded: 879336
    packageId: "registry.npmjs.org/pnpm/3.0.1"
    status: "in_progress"
  75 debug pnpm:fetching-progress: 
    downloaded: 891624
    packageId: "registry.npmjs.org/pnpm/3.0.1"
    status: "in_progress"
  76 debug pnpm:fetching-progress: 
    downloaded: 895720
    packageId: "registry.npmjs.org/pnpm/3.0.1"
    status: "in_progress"
  77 debug pnpm:fetching-progress: 
    downloaded: 903912
    packageId: "registry.npmjs.org/pnpm/3.0.1"
    status: "in_progress"
  78 debug pnpm:fetching-progress: 
    downloaded: 912104
    packageId: "registry.npmjs.org/pnpm/3.0.1"
    status: "in_progress"
  79 debug pnpm:fetching-progress: 
    downloaded: 920296
    packageId: "registry.npmjs.org/pnpm/3.0.1"
    status: "in_progress"
  80 debug pnpm:fetching-progress: 
    downloaded: 928488
    packageId: "registry.npmjs.org/pnpm/3.0.1"
    status: "in_progress"
  81 debug pnpm:fetching-progress: 
    downloaded: 936680
    packageId: "registry.npmjs.org/pnpm/3.0.1"
    status: "in_progress"
  82 debug pnpm:fetching-progress: 
    downloaded: 944872
    packageId: "registry.npmjs.org/pnpm/3.0.1"
    status: "in_progress"
  83 debug pnpm:fetching-progress: 
    downloaded: 957160
    packageId: "registry.npmjs.org/pnpm/3.0.1"
    status: "in_progress"
  84 debug pnpm:fetching-progress: 
    downloaded: 965352
    packageId: "registry.npmjs.org/pnpm/3.0.1"
    status: "in_progress"
  85 debug pnpm:fetching-progress: 
    downloaded: 973544
    packageId: "registry.npmjs.org/pnpm/3.0.1"
    status: "in_progress"
  86 debug pnpm:fetching-progress: 
    downloaded: 981736
    packageId: "registry.npmjs.org/pnpm/3.0.1"
    status: "in_progress"
  87 debug pnpm:fetching-progress: 
    downloaded: 994024
    packageId: "registry.npmjs.org/pnpm/3.0.1"
    status: "in_progress"
  88 debug pnpm:fetching-progress: 
    downloaded: 1002216
    packageId: "registry.npmjs.org/pnpm/3.0.1"
    status: "in_progress"
  89 debug pnpm:fetching-progress: 
    downloaded: 1010408
    packageId: "registry.npmjs.org/pnpm/3.0.1"
    status: "in_progress"
  90 debug pnpm:fetching-progress: 
    downloaded: 1018600
    packageId: "registry.npmjs.org/pnpm/3.0.1"
    status: "in_progress"
  91 debug pnpm:fetching-progress: 
    downloaded: 1030888
    packageId: "registry.npmjs.org/pnpm/3.0.1"
    status: "in_progress"
  92 debug pnpm:fetching-progress: 
    downloaded: 1039080
    packageId: "registry.npmjs.org/pnpm/3.0.1"
    status: "in_progress"
  93 debug pnpm:fetching-progress: 
    downloaded: 1047272
    packageId: "registry.npmjs.org/pnpm/3.0.1"
    status: "in_progress"
  94 debug pnpm:fetching-progress: 
    downloaded: 1059560
    packageId: "registry.npmjs.org/pnpm/3.0.1"
    status: "in_progress"
  95 debug pnpm:fetching-progress: 
    downloaded: 1071848
    packageId: "registry.npmjs.org/pnpm/3.0.1"
    status: "in_progress"
  96 debug pnpm:fetching-progress: 
    downloaded: 1080040
    packageId: "registry.npmjs.org/pnpm/3.0.1"
    status: "in_progress"
  97 debug pnpm:fetching-progress: 
    downloaded: 1088232
    packageId: "registry.npmjs.org/pnpm/3.0.1"
    status: "in_progress"
  98 debug pnpm:fetching-progress: 
    downloaded: 1092328
    packageId: "registry.npmjs.org/pnpm/3.0.1"
    status: "in_progress"
  99 debug pnpm:fetching-progress: 
    downloaded: 1100520
    packageId: "registry.npmjs.org/pnpm/3.0.1"
    status: "in_progress"
  100 debug pnpm:fetching-progress: 
    downloaded: 1108712
    packageId: "registry.npmjs.org/pnpm/3.0.1"
    status: "in_progress"
  101 debug pnpm:fetching-progress: 
    downloaded: 1121000
    packageId: "registry.npmjs.org/pnpm/3.0.1"
    status: "in_progress"
  102 debug pnpm:fetching-progress: 
    downloaded: 1129192
    packageId: "registry.npmjs.org/pnpm/3.0.1"
    status: "in_progress"
  103 debug pnpm:fetching-progress: 
    downloaded: 1137384
    packageId: "registry.npmjs.org/pnpm/3.0.1"
    status: "in_progress"
  104 debug pnpm:fetching-progress: 
    downloaded: 1153768
    packageId: "registry.npmjs.org/pnpm/3.0.1"
    status: "in_progress"
  105 debug pnpm:fetching-progress: 
    downloaded: 1157864
    packageId: "registry.npmjs.org/pnpm/3.0.1"
    status: "in_progress"
  106 debug pnpm:fetching-progress: 
    downloaded: 1174248
    packageId: "registry.npmjs.org/pnpm/3.0.1"
    status: "in_progress"
  107 debug pnpm:fetching-progress: 
    downloaded: 1178344
    packageId: "registry.npmjs.org/pnpm/3.0.1"
    status: "in_progress"
  108 debug pnpm:fetching-progress: 
    downloaded: 1186536
    packageId: "registry.npmjs.org/pnpm/3.0.1"
    status: "in_progress"
  109 debug pnpm:fetching-progress: 
    downloaded: 1202920
    packageId: "registry.npmjs.org/pnpm/3.0.1"
    status: "in_progress"
  110 debug pnpm:fetching-progress: 
    downloaded: 1219304
    packageId: "registry.npmjs.org/pnpm/3.0.1"
    status: "in_progress"
  111 debug pnpm:fetching-progress: 
    downloaded: 1235688
    packageId: "registry.npmjs.org/pnpm/3.0.1"
    status: "in_progress"
  112 debug pnpm:fetching-progress: 
    downloaded: 1252072
    packageId: "registry.npmjs.org/pnpm/3.0.1"
    status: "in_progress"
  113 debug pnpm:fetching-progress: 
    downloaded: 1268456
    packageId: "registry.npmjs.org/pnpm/3.0.1"
    status: "in_progress"
  114 debug pnpm:fetching-progress: 
    downloaded: 1284840
    packageId: "registry.npmjs.org/pnpm/3.0.1"
    status: "in_progress"
  115 debug pnpm:fetching-progress: 
    downloaded: 1293032
    packageId: "registry.npmjs.org/pnpm/3.0.1"
    status: "in_progress"
  116 debug pnpm:fetching-progress: 
    downloaded: 1301224
    packageId: "registry.npmjs.org/pnpm/3.0.1"
    status: "in_progress"
  117 debug pnpm:fetching-progress: 
    downloaded: 1309416
    packageId: "registry.npmjs.org/pnpm/3.0.1"
    status: "in_progress"
  118 debug pnpm:fetching-progress: 
    downloaded: 1325800
    packageId: "registry.npmjs.org/pnpm/3.0.1"
    status: "in_progress"
  119 debug pnpm:fetching-progress: 
    downloaded: 1342184
    packageId: "registry.npmjs.org/pnpm/3.0.1"
    status: "in_progress"
  120 debug pnpm:fetching-progress: 
    downloaded: 1358568
    packageId: "registry.npmjs.org/pnpm/3.0.1"
    status: "in_progress"
  121 debug pnpm:fetching-progress: 
    downloaded: 1374952
    packageId: "registry.npmjs.org/pnpm/3.0.1"
    status: "in_progress"
  122 debug pnpm:fetching-progress: 
    downloaded: 1391336
    packageId: "registry.npmjs.org/pnpm/3.0.1"
    status: "in_progress"
  123 debug pnpm:fetching-progress: 
    downloaded: 1407720
    packageId: "registry.npmjs.org/pnpm/3.0.1"
    status: "in_progress"
  124 debug pnpm:fetching-progress: 
    downloaded: 1424104
    packageId: "registry.npmjs.org/pnpm/3.0.1"
    status: "in_progress"
  125 debug pnpm:fetching-progress: 
    downloaded: 1440488
    packageId: "registry.npmjs.org/pnpm/3.0.1"
    status: "in_progress"
  126 debug pnpm:fetching-progress: 
    downloaded: 1456872
    packageId: "registry.npmjs.org/pnpm/3.0.1"
    status: "in_progress"
  127 debug pnpm:fetching-progress: 
    downloaded: 1473256
    packageId: "registry.npmjs.org/pnpm/3.0.1"
    status: "in_progress"
  128 debug pnpm:fetching-progress: 
    downloaded: 1489640
    packageId: "registry.npmjs.org/pnpm/3.0.1"
    status: "in_progress"
  129 debug pnpm:fetching-progress: 
    downloaded: 1506024
    packageId: "registry.npmjs.org/pnpm/3.0.1"
    status: "in_progress"
  130 debug pnpm:fetching-progress: 
    downloaded: 1522408
    packageId: "registry.npmjs.org/pnpm/3.0.1"
    status: "in_progress"
  131 debug pnpm:fetching-progress: 
    downloaded: 1538792
    packageId: "registry.npmjs.org/pnpm/3.0.1"
    status: "in_progress"
  132 debug pnpm:fetching-progress: 
    downloaded: 1555176
    packageId: "registry.npmjs.org/pnpm/3.0.1"
    status: "in_progress"
  133 debug pnpm:fetching-progress: 
    downloaded: 1571560
    packageId: "registry.npmjs.org/pnpm/3.0.1"
    status: "in_progress"
  134 debug pnpm:fetching-progress: 
    downloaded: 1587944
    packageId: "registry.npmjs.org/pnpm/3.0.1"
    status: "in_progress"
  135 debug pnpm:fetching-progress: 
    downloaded: 1592040
    packageId: "registry.npmjs.org/pnpm/3.0.1"
    status: "in_progress"
  136 debug pnpm:fetching-progress: 
    downloaded: 1608424
    packageId: "registry.npmjs.org/pnpm/3.0.1"
    status: "in_progress"
  137 debug pnpm:fetching-progress: 
    downloaded: 1616616
    packageId: "registry.npmjs.org/pnpm/3.0.1"
    status: "in_progress"
  138 debug pnpm:fetching-progress: 
    downloaded: 1633000
    packageId: "registry.npmjs.org/pnpm/3.0.1"
    status: "in_progress"
  139 debug pnpm:fetching-progress: 
    downloaded: 1649384
    packageId: "registry.npmjs.org/pnpm/3.0.1"
    status: "in_progress"
  140 debug pnpm:fetching-progress: 
    downloaded: 1665768
    packageId: "registry.npmjs.org/pnpm/3.0.1"
    status: "in_progress"
  141 debug pnpm:fetching-progress: 
    downloaded: 1673960
    packageId: "registry.npmjs.org/pnpm/3.0.1"
    status: "in_progress"
  142 debug pnpm:fetching-progress: 
    downloaded: 1690344
    packageId: "registry.npmjs.org/pnpm/3.0.1"
    status: "in_progress"
  143 debug pnpm:fetching-progress: 
    downloaded: 1702632
    packageId: "registry.npmjs.org/pnpm/3.0.1"
    status: "in_progress"
  144 debug pnpm:fetching-progress: 
    downloaded: 1719016
    packageId: "registry.npmjs.org/pnpm/3.0.1"
    status: "in_progress"
  145 debug pnpm:fetching-progress: 
    downloaded: 1727208
    packageId: "registry.npmjs.org/pnpm/3.0.1"
    status: "in_progress"
  146 debug pnpm:fetching-progress: 
    downloaded: 1743592
    packageId: "registry.npmjs.org/pnpm/3.0.1"
    status: "in_progress"
  147 debug pnpm:fetching-progress: 
    downloaded: 1759976
    packageId: "registry.npmjs.org/pnpm/3.0.1"
    status: "in_progress"
  148 debug pnpm:fetching-progress: 
    downloaded: 1776360
    packageId: "registry.npmjs.org/pnpm/3.0.1"
    status: "in_progress"
  149 debug pnpm:fetching-progress: 
    downloaded: 1792744
    packageId: "registry.npmjs.org/pnpm/3.0.1"
    status: "in_progress"
  150 debug pnpm:fetching-progress: 
    downloaded: 1809128
    packageId: "registry.npmjs.org/pnpm/3.0.1"
    status: "in_progress"
  151 debug pnpm:fetching-progress: 
    downloaded: 1817320
    packageId: "registry.npmjs.org/pnpm/3.0.1"
    status: "in_progress"
  152 debug pnpm:fetching-progress: 
    downloaded: 1833704
    packageId: "registry.npmjs.org/pnpm/3.0.1"
    status: "in_progress"
  153 debug pnpm:fetching-progress: 
    downloaded: 1850088
    packageId: "registry.npmjs.org/pnpm/3.0.1"
    status: "in_progress"
  154 debug pnpm:fetching-progress: 
    downloaded: 1866472
    packageId: "registry.npmjs.org/pnpm/3.0.1"
    status: "in_progress"
  155 debug pnpm:fetching-progress: 
    downloaded: 1882856
    packageId: "registry.npmjs.org/pnpm/3.0.1"
    status: "in_progress"
  156 debug pnpm:fetching-progress: 
    downloaded: 1899240
    packageId: "registry.npmjs.org/pnpm/3.0.1"
    status: "in_progress"
  157 debug pnpm:fetching-progress: 
    downloaded: 1915624
    packageId: "registry.npmjs.org/pnpm/3.0.1"
    status: "in_progress"
  158 debug pnpm:fetching-progress: 
    downloaded: 1932008
    packageId: "registry.npmjs.org/pnpm/3.0.1"
    status: "in_progress"
  159 debug pnpm:fetching-progress: 
    downloaded: 1948392
    packageId: "registry.npmjs.org/pnpm/3.0.1"
    status: "in_progress"
  160 debug pnpm:fetching-progress: 
    downloaded: 1964776
    packageId: "registry.npmjs.org/pnpm/3.0.1"
    status: "in_progress"
  161 debug pnpm:fetching-progress: 
    downloaded: 1981160
    packageId: "registry.npmjs.org/pnpm/3.0.1"
    status: "in_progress"
  162 debug pnpm:fetching-progress: 
    downloaded: 1997544
    packageId: "registry.npmjs.org/pnpm/3.0.1"
    status: "in_progress"
  163 debug pnpm:fetching-progress: 
    downloaded: 2013928
    packageId: "registry.npmjs.org/pnpm/3.0.1"
    status: "in_progress"
  164 debug pnpm:fetching-progress: 
    downloaded: 2030312
    packageId: "registry.npmjs.org/pnpm/3.0.1"
    status: "in_progress"
  165 debug pnpm:fetching-progress: 
    downloaded: 2046696
    packageId: "registry.npmjs.org/pnpm/3.0.1"
    status: "in_progress"
  166 debug pnpm:fetching-progress: 
    downloaded: 2063080
    packageId: "registry.npmjs.org/pnpm/3.0.1"
    status: "in_progress"
  167 debug pnpm:fetching-progress: 
    downloaded: 2079464
    packageId: "registry.npmjs.org/pnpm/3.0.1"
    status: "in_progress"
  168 debug pnpm:fetching-progress: 
    downloaded: 2095848
    packageId: "registry.npmjs.org/pnpm/3.0.1"
    status: "in_progress"
  169 debug pnpm:fetching-progress: 
    downloaded: 2112232
    packageId: "registry.npmjs.org/pnpm/3.0.1"
    status: "in_progress"
  170 debug pnpm:fetching-progress: 
    downloaded: 2128616
    packageId: "registry.npmjs.org/pnpm/3.0.1"
    status: "in_progress"
  171 debug pnpm:fetching-progress: 
    downloaded: 2145000
    packageId: "registry.npmjs.org/pnpm/3.0.1"
    status: "in_progress"
  172 debug pnpm:fetching-progress: 
    downloaded: 2161384
    packageId: "registry.npmjs.org/pnpm/3.0.1"
    status: "in_progress"
  173 debug pnpm:fetching-progress: 
    downloaded: 2177768
    packageId: "registry.npmjs.org/pnpm/3.0.1"
    status: "in_progress"
  174 debug pnpm:fetching-progress: 
    downloaded: 2194152
    packageId: "registry.npmjs.org/pnpm/3.0.1"
    status: "in_progress"
  175 debug pnpm:fetching-progress: 
    downloaded: 2210536
    packageId: "registry.npmjs.org/pnpm/3.0.1"
    status: "in_progress"
  176 debug pnpm:fetching-progress: 
    downloaded: 2226920
    packageId: "registry.npmjs.org/pnpm/3.0.1"
    status: "in_progress"
  177 debug pnpm:fetching-progress: 
    downloaded: 2243304
    packageId: "registry.npmjs.org/pnpm/3.0.1"
    status: "in_progress"
  178 debug pnpm:fetching-progress: 
    downloaded: 2259688
    packageId: "registry.npmjs.org/pnpm/3.0.1"
    status: "in_progress"
  179 debug pnpm:fetching-progress: 
    downloaded: 2276072
    packageId: "registry.npmjs.org/pnpm/3.0.1"
    status: "in_progress"
  180 debug pnpm:fetching-progress: 
    downloaded: 2292456
    packageId: "registry.npmjs.org/pnpm/3.0.1"
    status: "in_progress"
  181 debug pnpm:fetching-progress: 
    downloaded: 2308840
    packageId: "registry.npmjs.org/pnpm/3.0.1"
    status: "in_progress"
  182 debug pnpm:fetching-progress: 
    downloaded: 2325224
    packageId: "registry.npmjs.org/pnpm/3.0.1"
    status: "in_progress"
  183 debug pnpm:fetching-progress: 
    downloaded: 2341608
    packageId: "registry.npmjs.org/pnpm/3.0.1"
    status: "in_progress"
  184 debug pnpm:fetching-progress: 
    downloaded: 2357992
    packageId: "registry.npmjs.org/pnpm/3.0.1"
    status: "in_progress"
  185 debug pnpm:fetching-progress: 
    downloaded: 2374376
    packageId: "registry.npmjs.org/pnpm/3.0.1"
    status: "in_progress"
  186 debug pnpm:fetching-progress: 
    downloaded: 2390760
    packageId: "registry.npmjs.org/pnpm/3.0.1"
    status: "in_progress"
  187 debug pnpm:fetching-progress: 
    downloaded: 2407144
    packageId: "registry.npmjs.org/pnpm/3.0.1"
    status: "in_progress"
  188 debug pnpm:fetching-progress: 
    downloaded: 2423528
    packageId: "registry.npmjs.org/pnpm/3.0.1"
    status: "in_progress"
  189 debug pnpm:fetching-progress: 
    downloaded: 2439912
    packageId: "registry.npmjs.org/pnpm/3.0.1"
    status: "in_progress"
  190 debug pnpm:fetching-progress: 
    downloaded: 2456296
    packageId: "registry.npmjs.org/pnpm/3.0.1"
    status: "in_progress"
  191 debug pnpm:fetching-progress: 
    downloaded: 2472680
    packageId: "registry.npmjs.org/pnpm/3.0.1"
    status: "in_progress"
  192 debug pnpm:fetching-progress: 
    downloaded: 2489064
    packageId: "registry.npmjs.org/pnpm/3.0.1"
    status: "in_progress"
  193 debug pnpm:fetching-progress: 
    downloaded: 2505448
    packageId: "registry.npmjs.org/pnpm/3.0.1"
    status: "in_progress"
  194 debug pnpm:fetching-progress: 
    downloaded: 2521832
    packageId: "registry.npmjs.org/pnpm/3.0.1"
    status: "in_progress"
  195 debug pnpm:fetching-progress: 
    downloaded: 2538216
    packageId: "registry.npmjs.org/pnpm/3.0.1"
    status: "in_progress"
  196 debug pnpm:fetching-progress: 
    downloaded: 2554600
    packageId: "registry.npmjs.org/pnpm/3.0.1"
    status: "in_progress"
  197 debug pnpm:fetching-progress: 
    downloaded: 2570984
    packageId: "registry.npmjs.org/pnpm/3.0.1"
    status: "in_progress"
  198 debug pnpm:fetching-progress: 
    downloaded: 2587368
    packageId: "registry.npmjs.org/pnpm/3.0.1"
    status: "in_progress"
  199 debug pnpm:fetching-progress: 
    downloaded: 2603752
    packageId: "registry.npmjs.org/pnpm/3.0.1"
    status: "in_progress"
  200 debug pnpm:fetching-progress: 
    downloaded: 2620136
    packageId: "registry.npmjs.org/pnpm/3.0.1"
    status: "in_progress"
  201 debug pnpm:fetching-progress: 
    downloaded: 2636520
    packageId: "registry.npmjs.org/pnpm/3.0.1"
    status: "in_progress"
  202 debug pnpm:fetching-progress: 
    downloaded: 2652904
    packageId: "registry.npmjs.org/pnpm/3.0.1"
    status: "in_progress"
  203 debug pnpm:fetching-progress: 
    downloaded: 2669288
    packageId: "registry.npmjs.org/pnpm/3.0.1"
    status: "in_progress"
  204 debug pnpm:fetching-progress: 
    downloaded: 2685672
    packageId: "registry.npmjs.org/pnpm/3.0.1"
    status: "in_progress"
  205 debug pnpm:fetching-progress: 
    downloaded: 2702056
    packageId: "registry.npmjs.org/pnpm/3.0.1"
    status: "in_progress"
  206 debug pnpm:fetching-progress: 
    downloaded: 2718440
    packageId: "registry.npmjs.org/pnpm/3.0.1"
    status: "in_progress"
  207 debug pnpm:fetching-progress: 
    downloaded: 2734824
    packageId: "registry.npmjs.org/pnpm/3.0.1"
    status: "in_progress"
  208 debug pnpm:fetching-progress: 
    downloaded: 2751208
    packageId: "registry.npmjs.org/pnpm/3.0.1"
    status: "in_progress"
  209 debug pnpm:fetching-progress: 
    downloaded: 2767592
    packageId: "registry.npmjs.org/pnpm/3.0.1"
    status: "in_progress"
  210 debug pnpm:fetching-progress: 
    downloaded: 2783976
    packageId: "registry.npmjs.org/pnpm/3.0.1"
    status: "in_progress"
  211 debug pnpm:fetching-progress: 
    downloaded: 2800360
    packageId: "registry.npmjs.org/pnpm/3.0.1"
    status: "in_progress"
  212 debug pnpm:fetching-progress: 
    downloaded: 2816744
    packageId: "registry.npmjs.org/pnpm/3.0.1"
    status: "in_progress"
  213 debug pnpm:fetching-progress: 
    downloaded: 2833128
    packageId: "registry.npmjs.org/pnpm/3.0.1"
    status: "in_progress"
  214 debug pnpm:fetching-progress: 
    downloaded: 2849512
    packageId: "registry.npmjs.org/pnpm/3.0.1"
    status: "in_progress"
  215 debug pnpm:fetching-progress: 
    downloaded: 2865896
    packageId: "registry.npmjs.org/pnpm/3.0.1"
    status: "in_progress"
  216 debug pnpm:fetching-progress: 
    downloaded: 2882280
    packageId: "registry.npmjs.org/pnpm/3.0.1"
    status: "in_progress"
  217 debug pnpm:fetching-progress: 
    downloaded: 2898664
    packageId: "registry.npmjs.org/pnpm/3.0.1"
    status: "in_progress"
  218 debug pnpm:fetching-progress: 
    downloaded: 2915048
    packageId: "registry.npmjs.org/pnpm/3.0.1"
    status: "in_progress"
  219 debug pnpm:fetching-progress: 
    downloaded: 2931432
    packageId: "registry.npmjs.org/pnpm/3.0.1"
    status: "in_progress"
  220 debug pnpm:fetching-progress: 
    downloaded: 2947816
    packageId: "registry.npmjs.org/pnpm/3.0.1"
    status: "in_progress"
  221 debug pnpm:fetching-progress: 
    downloaded: 2964200
    packageId: "registry.npmjs.org/pnpm/3.0.1"
    status: "in_progress"
  222 debug pnpm:fetching-progress: 
    downloaded: 2980584
    packageId: "registry.npmjs.org/pnpm/3.0.1"
    status: "in_progress"
  223 debug pnpm:fetching-progress: 
    downloaded: 2996968
    packageId: "registry.npmjs.org/pnpm/3.0.1"
    status: "in_progress"
  224 debug pnpm:fetching-progress: 
    downloaded: 3013352
    packageId: "registry.npmjs.org/pnpm/3.0.1"
    status: "in_progress"
  225 debug pnpm:fetching-progress: 
    downloaded: 3029736
    packageId: "registry.npmjs.org/pnpm/3.0.1"
    status: "in_progress"
  226 debug pnpm:fetching-progress: 
    downloaded: 3046120
    packageId: "registry.npmjs.org/pnpm/3.0.1"
    status: "in_progress"
  227 debug pnpm:fetching-progress: 
    downloaded: 3062504
    packageId: "registry.npmjs.org/pnpm/3.0.1"
    status: "in_progress"
  228 debug pnpm:fetching-progress: 
    downloaded: 3078888
    packageId: "registry.npmjs.org/pnpm/3.0.1"
    status: "in_progress"
  229 debug pnpm:fetching-progress: 
    downloaded: 3095272
    packageId: "registry.npmjs.org/pnpm/3.0.1"
    status: "in_progress"
  230 debug pnpm:fetching-progress: 
    downloaded: 3107560
    packageId: "registry.npmjs.org/pnpm/3.0.1"
    status: "in_progress"
  231 debug pnpm:fetching-progress: 
    downloaded: 3115752
    packageId: "registry.npmjs.org/pnpm/3.0.1"
    status: "in_progress"
  232 debug pnpm:fetching-progress: 
    downloaded: 3132136
    packageId: "registry.npmjs.org/pnpm/3.0.1"
    status: "in_progress"
  233 debug pnpm:fetching-progress: 
    downloaded: 3148520
    packageId: "registry.npmjs.org/pnpm/3.0.1"
    status: "in_progress"
  234 debug pnpm:fetching-progress: 
    downloaded: 3164904
    packageId: "registry.npmjs.org/pnpm/3.0.1"
    status: "in_progress"
  235 debug pnpm:fetching-progress: 
    downloaded: 3181288
    packageId: "registry.npmjs.org/pnpm/3.0.1"
    status: "in_progress"
  236 debug pnpm:fetching-progress: 
    downloaded: 3197672
    packageId: "registry.npmjs.org/pnpm/3.0.1"
    status: "in_progress"
  237 debug pnpm:fetching-progress: 
    downloaded: 3214056
    packageId: "registry.npmjs.org/pnpm/3.0.1"
    status: "in_progress"
  238 debug pnpm:fetching-progress: 
    downloaded: 3226344
    packageId: "registry.npmjs.org/pnpm/3.0.1"
    status: "in_progress"
  239 debug pnpm:fetching-progress: 
    downloaded: 3238632
    packageId: "registry.npmjs.org/pnpm/3.0.1"
    status: "in_progress"
  240 debug pnpm:fetching-progress: 
    downloaded: 3255016
    packageId: "registry.npmjs.org/pnpm/3.0.1"
    status: "in_progress"
  241 debug pnpm:fetching-progress: 
    downloaded: 3259112
    packageId: "registry.npmjs.org/pnpm/3.0.1"
    status: "in_progress"
  242 debug pnpm:fetching-progress: 
    downloaded: 3275496
    packageId: "registry.npmjs.org/pnpm/3.0.1"
    status: "in_progress"
  243 debug pnpm:fetching-progress: 
    downloaded: 3291880
    packageId: "registry.npmjs.org/pnpm/3.0.1"
    status: "in_progress"
  244 debug pnpm:fetching-progress: 
    downloaded: 3308264
    packageId: "registry.npmjs.org/pnpm/3.0.1"
    status: "in_progress"
  245 debug pnpm:fetching-progress: 
    downloaded: 3324648
    packageId: "registry.npmjs.org/pnpm/3.0.1"
    status: "in_progress"
  246 debug pnpm:fetching-progress: 
    downloaded: 3341032
    packageId: "registry.npmjs.org/pnpm/3.0.1"
    status: "in_progress"
  247 debug pnpm:fetching-progress: 
    downloaded: 3357416
    packageId: "registry.npmjs.org/pnpm/3.0.1"
    status: "in_progress"
  248 debug pnpm:fetching-progress: 
    downloaded: 3373800
    packageId: "registry.npmjs.org/pnpm/3.0.1"
    status: "in_progress"
  249 debug pnpm:fetching-progress: 
    downloaded: 3390184
    packageId: "registry.npmjs.org/pnpm/3.0.1"
    status: "in_progress"
  250 debug pnpm:fetching-progress: 
    downloaded: 3406568
    packageId: "registry.npmjs.org/pnpm/3.0.1"
    status: "in_progress"
  251 debug pnpm:fetching-progress: 
    downloaded: 3422952
    packageId: "registry.npmjs.org/pnpm/3.0.1"
    status: "in_progress"
  252 debug pnpm:fetching-progress: 
    downloaded: 3439336
    packageId: "registry.npmjs.org/pnpm/3.0.1"
    status: "in_progress"
  253 debug pnpm:fetching-progress: 
    downloaded: 3455720
    packageId: "registry.npmjs.org/pnpm/3.0.1"
    status: "in_progress"
  254 debug pnpm:fetching-progress: 
    downloaded: 3472104
    packageId: "registry.npmjs.org/pnpm/3.0.1"
    status: "in_progress"
  255 debug pnpm:fetching-progress: 
    downloaded: 3488488
    packageId: "registry.npmjs.org/pnpm/3.0.1"
    status: "in_progress"
  256 debug pnpm:fetching-progress: 
    downloaded: 3504872
    packageId: "registry.npmjs.org/pnpm/3.0.1"
    status: "in_progress"
  257 debug pnpm:fetching-progress: 
    downloaded: 3521256
    packageId: "registry.npmjs.org/pnpm/3.0.1"
    status: "in_progress"
  258 debug pnpm:fetching-progress: 
    downloaded: 3533544
    packageId: "registry.npmjs.org/pnpm/3.0.1"
    status: "in_progress"
  259 debug pnpm:fetching-progress: 
    downloaded: 3537640
    packageId: "registry.npmjs.org/pnpm/3.0.1"
    status: "in_progress"
  260 debug pnpm:fetching-progress: 
    downloaded: 3554024
    packageId: "registry.npmjs.org/pnpm/3.0.1"
    status: "in_progress"
  261 debug pnpm:fetching-progress: 
    downloaded: 3570408
    packageId: "registry.npmjs.org/pnpm/3.0.1"
    status: "in_progress"
  262 debug pnpm:fetching-progress: 
    downloaded: 3578600
    packageId: "registry.npmjs.org/pnpm/3.0.1"
    status: "in_progress"
  263 debug pnpm:fetching-progress: 
    downloaded: 3586792
    packageId: "registry.npmjs.org/pnpm/3.0.1"
    status: "in_progress"
  264 debug pnpm:fetching-progress: 
    downloaded: 3599080
    packageId: "registry.npmjs.org/pnpm/3.0.1"
    status: "in_progress"
  265 debug pnpm:fetching-progress: 
    downloaded: 3603176
    packageId: "registry.npmjs.org/pnpm/3.0.1"
    status: "in_progress"
  266 debug pnpm:fetching-progress: 
    downloaded: 3615464
    packageId: "registry.npmjs.org/pnpm/3.0.1"
    status: "in_progress"
  267 debug pnpm:fetching-progress: 
    downloaded: 3619560
    packageId: "registry.npmjs.org/pnpm/3.0.1"
    status: "in_progress"
  268 debug pnpm:fetching-progress: 
    downloaded: 3631848
    packageId: "registry.npmjs.org/pnpm/3.0.1"
    status: "in_progress"
  269 debug pnpm:fetching-progress: 
    downloaded: 3635944
    packageId: "registry.npmjs.org/pnpm/3.0.1"
    status: "in_progress"
  270 debug pnpm:fetching-progress: 
    downloaded: 3644136
    packageId: "registry.npmjs.org/pnpm/3.0.1"
    status: "in_progress"
  271 debug pnpm:fetching-progress: 
    downloaded: 3652328
    packageId: "registry.npmjs.org/pnpm/3.0.1"
    status: "in_progress"
  272 debug pnpm:fetching-progress: 
    downloaded: 3660520
    packageId: "registry.npmjs.org/pnpm/3.0.1"
    status: "in_progress"
  273 debug pnpm:fetching-progress: 
    downloaded: 3668712
    packageId: "registry.npmjs.org/pnpm/3.0.1"
    status: "in_progress"
  274 debug pnpm:fetching-progress: 
    downloaded: 3676904
    packageId: "registry.npmjs.org/pnpm/3.0.1"
    status: "in_progress"
  275 debug pnpm:fetching-progress: 
    downloaded: 3685096
    packageId: "registry.npmjs.org/pnpm/3.0.1"
    status: "in_progress"
  276 debug pnpm:fetching-progress: 
    downloaded: 3697384
    packageId: "registry.npmjs.org/pnpm/3.0.1"
    status: "in_progress"
  277 debug pnpm:fetching-progress: 
    downloaded: 3701480
    packageId: "registry.npmjs.org/pnpm/3.0.1"
    status: "in_progress"
  278 debug pnpm:fetching-progress: 
    downloaded: 3709672
    packageId: "registry.npmjs.org/pnpm/3.0.1"
    status: "in_progress"
  279 debug pnpm:fetching-progress: 
    downloaded: 3717864
    packageId: "registry.npmjs.org/pnpm/3.0.1"
    status: "in_progress"
  280 debug pnpm:fetching-progress: 
    downloaded: 3730152
    packageId: "registry.npmjs.org/pnpm/3.0.1"
    status: "in_progress"
  281 debug pnpm:fetching-progress: 
    downloaded: 3734248
    packageId: "registry.npmjs.org/pnpm/3.0.1"
    status: "in_progress"
  282 debug pnpm:fetching-progress: 
    downloaded: 3746536
    packageId: "registry.npmjs.org/pnpm/3.0.1"
    status: "in_progress"
  283 debug pnpm:fetching-progress: 
    downloaded: 3750632
    packageId: "registry.npmjs.org/pnpm/3.0.1"
    status: "in_progress"
  284 debug pnpm:fetching-progress: 
    downloaded: 3762920
    packageId: "registry.npmjs.org/pnpm/3.0.1"
    status: "in_progress"
  285 debug pnpm:fetching-progress: 
    downloaded: 3767016
    packageId: "registry.npmjs.org/pnpm/3.0.1"
    status: "in_progress"
  286 debug pnpm:fetching-progress: 
    downloaded: 3779304
    packageId: "registry.npmjs.org/pnpm/3.0.1"
    status: "in_progress"
  287 debug pnpm:fetching-progress: 
    downloaded: 3783400
    packageId: "registry.npmjs.org/pnpm/3.0.1"
    status: "in_progress"
  288 debug pnpm:fetching-progress: 
    downloaded: 3795688
    packageId: "registry.npmjs.org/pnpm/3.0.1"
    status: "in_progress"
  289 debug pnpm:fetching-progress: 
    downloaded: 3799784
    packageId: "registry.npmjs.org/pnpm/3.0.1"
    status: "in_progress"
  290 debug pnpm:fetching-progress: 
    downloaded: 3812072
    packageId: "registry.npmjs.org/pnpm/3.0.1"
    status: "in_progress"
  291 debug pnpm:fetching-progress: 
    downloaded: 3816168
    packageId: "registry.npmjs.org/pnpm/3.0.1"
    status: "in_progress"
  292 debug pnpm:fetching-progress: 
    downloaded: 3832552
    packageId: "registry.npmjs.org/pnpm/3.0.1"
    status: "in_progress"
  293 debug pnpm:fetching-progress: 
    downloaded: 3848936
    packageId: "registry.npmjs.org/pnpm/3.0.1"
    status: "in_progress"
  294 debug pnpm:fetching-progress: 
    downloaded: 3865320
    packageId: "registry.npmjs.org/pnpm/3.0.1"
    status: "in_progress"
  295 debug pnpm:fetching-progress: 
    downloaded: 3877608
    packageId: "registry.npmjs.org/pnpm/3.0.1"
    status: "in_progress"
  296 debug pnpm:fetching-progress: 
    downloaded: 3881704
    packageId: "registry.npmjs.org/pnpm/3.0.1"
    status: "in_progress"
  297 debug pnpm:fetching-progress: 
    downloaded: 3893992
    packageId: "registry.npmjs.org/pnpm/3.0.1"
    status: "in_progress"
  298 debug pnpm:fetching-progress: 
    downloaded: 3898088
    packageId: "registry.npmjs.org/pnpm/3.0.1"
    status: "in_progress"
  299 debug pnpm:fetching-progress: 
    downloaded: 3914472
    packageId: "registry.npmjs.org/pnpm/3.0.1"
    status: "in_progress"
  300 debug pnpm:fetching-progress: 
    downloaded: 3930856
    packageId: "registry.npmjs.org/pnpm/3.0.1"
    status: "in_progress"
  301 debug pnpm:fetching-progress: 
    downloaded: 3947240
    packageId: "registry.npmjs.org/pnpm/3.0.1"
    status: "in_progress"
  302 debug pnpm:fetching-progress: 
    downloaded: 3963624
    packageId: "registry.npmjs.org/pnpm/3.0.1"
    status: "in_progress"
  303 debug pnpm:fetching-progress: 
    downloaded: 3980008
    packageId: "registry.npmjs.org/pnpm/3.0.1"
    status: "in_progress"
  304 debug pnpm:fetching-progress: 
    downloaded: 3996392
    packageId: "registry.npmjs.org/pnpm/3.0.1"
    status: "in_progress"
  305 debug pnpm:fetching-progress: 
    downloaded: 4012776
    packageId: "registry.npmjs.org/pnpm/3.0.1"
    status: "in_progress"
  306 debug pnpm:fetching-progress: 
    downloaded: 4029160
    packageId: "registry.npmjs.org/pnpm/3.0.1"
    status: "in_progress"
  307 debug pnpm:fetching-progress: 
    downloaded: 4045544
    packageId: "registry.npmjs.org/pnpm/3.0.1"
    status: "in_progress"
  308 debug pnpm:fetching-progress: 
    downloaded: 4061928
    packageId: "registry.npmjs.org/pnpm/3.0.1"
    status: "in_progress"
  309 debug pnpm:fetching-progress: 
    downloaded: 4078312
    packageId: "registry.npmjs.org/pnpm/3.0.1"
    status: "in_progress"
  310 debug pnpm:fetching-progress: 
    downloaded: 4094696
    packageId: "registry.npmjs.org/pnpm/3.0.1"
    status: "in_progress"
  311 debug pnpm:fetching-progress: 
    downloaded: 4111080
    packageId: "registry.npmjs.org/pnpm/3.0.1"
    status: "in_progress"
  312 debug pnpm:fetching-progress: 
    downloaded: 4127464
    packageId: "registry.npmjs.org/pnpm/3.0.1"
    status: "in_progress"
  313 debug pnpm:fetching-progress: 
    downloaded: 4143848
    packageId: "registry.npmjs.org/pnpm/3.0.1"
    status: "in_progress"
  314 debug pnpm:fetching-progress: 
    downloaded: 4160232
    packageId: "registry.npmjs.org/pnpm/3.0.1"
    status: "in_progress"
  315 debug pnpm:fetching-progress: 
    downloaded: 4176616
    packageId: "registry.npmjs.org/pnpm/3.0.1"
    status: "in_progress"
  316 debug pnpm:fetching-progress: 
    downloaded: 4193000
    packageId: "registry.npmjs.org/pnpm/3.0.1"
    status: "in_progress"
  317 debug pnpm:fetching-progress: 
    downloaded: 4209384
    packageId: "registry.npmjs.org/pnpm/3.0.1"
    status: "in_progress"
  318 debug pnpm:fetching-progress: 
    downloaded: 4225768
    packageId: "registry.npmjs.org/pnpm/3.0.1"
    status: "in_progress"
  319 debug pnpm:fetching-progress: 
    downloaded: 4242152
    packageId: "registry.npmjs.org/pnpm/3.0.1"
    status: "in_progress"
  320 debug pnpm:fetching-progress: 
    downloaded: 4258536
    packageId: "registry.npmjs.org/pnpm/3.0.1"
    status: "in_progress"
  321 debug pnpm:fetching-progress: 
    downloaded: 4274920
    packageId: "registry.npmjs.org/pnpm/3.0.1"
    status: "in_progress"
  322 debug pnpm:fetching-progress: 
    downloaded: 4291304
    packageId: "registry.npmjs.org/pnpm/3.0.1"
    status: "in_progress"
  323 debug pnpm:fetching-progress: 
    downloaded: 4307688
    packageId: "registry.npmjs.org/pnpm/3.0.1"
    status: "in_progress"
  324 debug pnpm:fetching-progress: 
    downloaded: 4324072
    packageId: "registry.npmjs.org/pnpm/3.0.1"
    status: "in_progress"
  325 debug pnpm:fetching-progress: 
    downloaded: 4340456
    packageId: "registry.npmjs.org/pnpm/3.0.1"
    status: "in_progress"
  326 debug pnpm:fetching-progress: 
    downloaded: 4356840
    packageId: "registry.npmjs.org/pnpm/3.0.1"
    status: "in_progress"
  327 debug pnpm:fetching-progress: 
    downloaded: 4373224
    packageId: "registry.npmjs.org/pnpm/3.0.1"
    status: "in_progress"
  328 debug pnpm:fetching-progress: 
    downloaded: 4389608
    packageId: "registry.npmjs.org/pnpm/3.0.1"
    status: "in_progress"
  329 debug pnpm:fetching-progress: 
    downloaded: 4405992
    packageId: "registry.npmjs.org/pnpm/3.0.1"
    status: "in_progress"
  330 debug pnpm:fetching-progress: 
    downloaded: 4410088
    packageId: "registry.npmjs.org/pnpm/3.0.1"
    status: "in_progress"
  331 debug pnpm:fetching-progress: 
    downloaded: 4418280
    packageId: "registry.npmjs.org/pnpm/3.0.1"
    status: "in_progress"
  332 debug pnpm:fetching-progress: 
    downloaded: 4422376
    packageId: "registry.npmjs.org/pnpm/3.0.1"
    status: "in_progress"
  333 debug pnpm:fetching-progress: 
    downloaded: 4434664
    packageId: "registry.npmjs.org/pnpm/3.0.1"
    status: "in_progress"
  334 debug pnpm:fetching-progress: 
    downloaded: 4438760
    packageId: "registry.npmjs.org/pnpm/3.0.1"
    status: "in_progress"
  335 debug pnpm:fetching-progress: 
    downloaded: 4446952
    packageId: "registry.npmjs.org/pnpm/3.0.1"
    status: "in_progress"
  336 debug pnpm:fetching-progress: 
    downloaded: 4455144
    packageId: "registry.npmjs.org/pnpm/3.0.1"
    status: "in_progress"
  337 debug pnpm:fetching-progress: 
    downloaded: 4463336
    packageId: "registry.npmjs.org/pnpm/3.0.1"
    status: "in_progress"
  338 debug pnpm:fetching-progress: 
    downloaded: 4471528
    packageId: "registry.npmjs.org/pnpm/3.0.1"
    status: "in_progress"
  339 debug pnpm:fetching-progress: 
    downloaded: 4483816
    packageId: "registry.npmjs.org/pnpm/3.0.1"
    status: "in_progress"
  340 debug pnpm:fetching-progress: 
    downloaded: 4487912
    packageId: "registry.npmjs.org/pnpm/3.0.1"
    status: "in_progress"
  341 debug pnpm:fetching-progress: 
    downloaded: 4500200
    packageId: "registry.npmjs.org/pnpm/3.0.1"
    status: "in_progress"
  342 debug pnpm:fetching-progress: 
    downloaded: 4504296
    packageId: "registry.npmjs.org/pnpm/3.0.1"
    status: "in_progress"
  343 debug pnpm:fetching-progress: 
    downloaded: 4512488
    packageId: "registry.npmjs.org/pnpm/3.0.1"
    status: "in_progress"
  344 debug pnpm:fetching-progress: 
    downloaded: 4520680
    packageId: "registry.npmjs.org/pnpm/3.0.1"
    status: "in_progress"
  345 debug pnpm:fetching-progress: 
    downloaded: 4537064
    packageId: "registry.npmjs.org/pnpm/3.0.1"
    status: "in_progress"
  346 debug pnpm:fetching-progress: 
    downloaded: 4549352
    packageId: "registry.npmjs.org/pnpm/3.0.1"
    status: "in_progress"
  347 debug pnpm:fetching-progress: 
    downloaded: 4553448
    packageId: "registry.npmjs.org/pnpm/3.0.1"
    status: "in_progress"
  348 debug pnpm:fetching-progress: 
    downloaded: 4565736
    packageId: "registry.npmjs.org/pnpm/3.0.1"
    status: "in_progress"
  349 debug pnpm:fetching-progress: 
    downloaded: 4569832
    packageId: "registry.npmjs.org/pnpm/3.0.1"
    status: "in_progress"
  350 debug pnpm:fetching-progress: 
    downloaded: 4578024
    packageId: "registry.npmjs.org/pnpm/3.0.1"
    status: "in_progress"
  351 debug pnpm:fetching-progress: 
    downloaded: 4586216
    packageId: "registry.npmjs.org/pnpm/3.0.1"
    status: "in_progress"
  352 debug pnpm:fetching-progress: 
    downloaded: 4598504
    packageId: "registry.npmjs.org/pnpm/3.0.1"
    status: "in_progress"
  353 debug pnpm:fetching-progress: 
    downloaded: 4602600
    packageId: "registry.npmjs.org/pnpm/3.0.1"
    status: "in_progress"
  354 debug pnpm:fetching-progress: 
    downloaded: 4610792
    packageId: "registry.npmjs.org/pnpm/3.0.1"
    status: "in_progress"
  355 debug pnpm:fetching-progress: 
    downloaded: 4618984
    packageId: "registry.npmjs.org/pnpm/3.0.1"
    status: "in_progress"
  356 debug pnpm:fetching-progress: 
    downloaded: 4627176
    packageId: "registry.npmjs.org/pnpm/3.0.1"
    status: "in_progress"
  357 debug pnpm:fetching-progress: 
    downloaded: 4635368
    packageId: "registry.npmjs.org/pnpm/3.0.1"
    status: "in_progress"
  358 debug pnpm:fetching-progress: 
    downloaded: 4643560
    packageId: "registry.npmjs.org/pnpm/3.0.1"
    status: "in_progress"
  359 debug pnpm:fetching-progress: 
    downloaded: 4651752
    packageId: "registry.npmjs.org/pnpm/3.0.1"
    status: "in_progress"
  360 debug pnpm:fetching-progress: 
    downloaded: 4664040
    packageId: "registry.npmjs.org/pnpm/3.0.1"
    status: "in_progress"
  361 debug pnpm:fetching-progress: 
    downloaded: 4668136
    packageId: "registry.npmjs.org/pnpm/3.0.1"
    status: "in_progress"
  362 debug pnpm:fetching-progress: 
    downloaded: 4680424
    packageId: "registry.npmjs.org/pnpm/3.0.1"
    status: "in_progress"
  363 debug pnpm:fetching-progress: 
    downloaded: 4684520
    packageId: "registry.npmjs.org/pnpm/3.0.1"
    status: "in_progress"
  364 debug pnpm:fetching-progress: 
    downloaded: 4696808
    packageId: "registry.npmjs.org/pnpm/3.0.1"
    status: "in_progress"
  365 debug pnpm:fetching-progress: 
    downloaded: 4700904
    packageId: "registry.npmjs.org/pnpm/3.0.1"
    status: "in_progress"
  366 debug pnpm:fetching-progress: 
    downloaded: 4713192
    packageId: "registry.npmjs.org/pnpm/3.0.1"
    status: "in_progress"
  367 debug pnpm:fetching-progress: 
    downloaded: 4717288
    packageId: "registry.npmjs.org/pnpm/3.0.1"
    status: "in_progress"
  368 debug pnpm:fetching-progress: 
    downloaded: 4729576
    packageId: "registry.npmjs.org/pnpm/3.0.1"
    status: "in_progress"
  369 debug pnpm:fetching-progress: 
    downloaded: 4733672
    packageId: "registry.npmjs.org/pnpm/3.0.1"
    status: "in_progress"
  370 debug pnpm:fetching-progress: 
    downloaded: 4750056
    packageId: "registry.npmjs.org/pnpm/3.0.1"
    status: "in_progress"
  371 debug pnpm:fetching-progress: 
    downloaded: 4762344
    packageId: "registry.npmjs.org/pnpm/3.0.1"
    status: "in_progress"
  372 debug pnpm:fetching-progress: 
    downloaded: 4766440
    packageId: "registry.npmjs.org/pnpm/3.0.1"
    status: "in_progress"
  373 debug pnpm:fetching-progress: 
    downloaded: 4778728
    packageId: "registry.npmjs.org/pnpm/3.0.1"
    status: "in_progress"
  374 debug pnpm:fetching-progress: 
    downloaded: 4782824
    packageId: "registry.npmjs.org/pnpm/3.0.1"
    status: "in_progress"
  375 debug pnpm:fetching-progress: 
    downloaded: 4795112
    packageId: "registry.npmjs.org/pnpm/3.0.1"
    status: "in_progress"
  376 debug pnpm:fetching-progress: 
    downloaded: 4799208
    packageId: "registry.npmjs.org/pnpm/3.0.1"
    status: "in_progress"
  377 debug pnpm:fetching-progress: 
    downloaded: 4807400
    packageId: "registry.npmjs.org/pnpm/3.0.1"
    status: "in_progress"
  378 debug pnpm:fetching-progress: 
    downloaded: 4815592
    packageId: "registry.npmjs.org/pnpm/3.0.1"
    status: "in_progress"
  379 debug pnpm:fetching-progress: 
    downloaded: 4823784
    packageId: "registry.npmjs.org/pnpm/3.0.1"
    status: "in_progress"
  380 debug pnpm:fetching-progress: 
    downloaded: 4827880
    packageId: "registry.npmjs.org/pnpm/3.0.1"
    status: "in_progress"
  381 debug pnpm:fetching-progress: 
    downloaded: 4831976
    packageId: "registry.npmjs.org/pnpm/3.0.1"
    status: "in_progress"
  382 debug pnpm:fetching-progress: 
    downloaded: 4840168
    packageId: "registry.npmjs.org/pnpm/3.0.1"
    status: "in_progress"
  383 debug pnpm:fetching-progress: 
    downloaded: 4848360
    packageId: "registry.npmjs.org/pnpm/3.0.1"
    status: "in_progress"
  384 debug pnpm:fetching-progress: 
    downloaded: 4860648
    packageId: "registry.npmjs.org/pnpm/3.0.1"
    status: "in_progress"
  385 debug pnpm:fetching-progress: 
    downloaded: 4864744
    packageId: "registry.npmjs.org/pnpm/3.0.1"
    status: "in_progress"
  386 debug pnpm:fetching-progress: 
    downloaded: 4872936
    packageId: "registry.npmjs.org/pnpm/3.0.1"
    status: "in_progress"
  387 debug pnpm:fetching-progress: 
    downloaded: 4881128
    packageId: "registry.npmjs.org/pnpm/3.0.1"
    status: "in_progress"
  388 debug pnpm:fetching-progress: 
    downloaded: 4889320
    packageId: "registry.npmjs.org/pnpm/3.0.1"
    status: "in_progress"
  389 debug pnpm:fetching-progress: 
    downloaded: 4897512
    packageId: "registry.npmjs.org/pnpm/3.0.1"
    status: "in_progress"
  390 debug pnpm:fetching-progress: 
    downloaded: 4913896
    packageId: "registry.npmjs.org/pnpm/3.0.1"
    status: "in_progress"
  391 debug pnpm:fetching-progress: 
    downloaded: 4930280
    packageId: "registry.npmjs.org/pnpm/3.0.1"
    status: "in_progress"
  392 debug pnpm:fetching-progress: 
    downloaded: 4942568
    packageId: "registry.npmjs.org/pnpm/3.0.1"
    status: "in_progress"
  393 debug pnpm:fetching-progress: 
    downloaded: 4946664
    packageId: "registry.npmjs.org/pnpm/3.0.1"
    status: "in_progress"
  394 debug pnpm:fetching-progress: 
    downloaded: 4963048
    packageId: "registry.npmjs.org/pnpm/3.0.1"
    status: "in_progress"
  395 debug pnpm:fetching-progress: 
    downloaded: 4979432
    packageId: "registry.npmjs.org/pnpm/3.0.1"
    status: "in_progress"
  396 debug pnpm:fetching-progress: 
    downloaded: 4995816
    packageId: "registry.npmjs.org/pnpm/3.0.1"
    status: "in_progress"
  397 debug pnpm:fetching-progress: 
    downloaded: 5012200
    packageId: "registry.npmjs.org/pnpm/3.0.1"
    status: "in_progress"
  398 debug pnpm:fetching-progress: 
    downloaded: 5028584
    packageId: "registry.npmjs.org/pnpm/3.0.1"
    status: "in_progress"
  399 debug pnpm:fetching-progress: 
    downloaded: 5044968
    packageId: "registry.npmjs.org/pnpm/3.0.1"
    status: "in_progress"
  400 debug pnpm:fetching-progress: 
    downloaded: 5061352
    packageId: "registry.npmjs.org/pnpm/3.0.1"
    status: "in_progress"
  401 debug pnpm:fetching-progress: 
    downloaded: 5077736
    packageId: "registry.npmjs.org/pnpm/3.0.1"
    status: "in_progress"
  402 debug pnpm:fetching-progress: 
    downloaded: 5081832
    packageId: "registry.npmjs.org/pnpm/3.0.1"
    status: "in_progress"
  403 debug pnpm:fetching-progress: 
    downloaded: 5090024
    packageId: "registry.npmjs.org/pnpm/3.0.1"
    status: "in_progress"
  404 debug pnpm:fetching-progress: 
    downloaded: 5094120
    packageId: "registry.npmjs.org/pnpm/3.0.1"
    status: "in_progress"
  405 debug pnpm:fetching-progress: 
    downloaded: 5102312
    packageId: "registry.npmjs.org/pnpm/3.0.1"
    status: "in_progress"
  406 debug pnpm:fetching-progress: 
    downloaded: 5110504
    packageId: "registry.npmjs.org/pnpm/3.0.1"
    status: "in_progress"
  407 debug pnpm:fetching-progress: 
    downloaded: 5118696
    packageId: "registry.npmjs.org/pnpm/3.0.1"
    status: "in_progress"
  408 debug pnpm:fetching-progress: 
    downloaded: 5126888
    packageId: "registry.npmjs.org/pnpm/3.0.1"
    status: "in_progress"
  409 debug pnpm:fetching-progress: 
    downloaded: 5139176
    packageId: "registry.npmjs.org/pnpm/3.0.1"
    status: "in_progress"
  410 debug pnpm:fetching-progress: 
    downloaded: 5143272
    packageId: "registry.npmjs.org/pnpm/3.0.1"
    status: "in_progress"
  411 debug pnpm:fetching-progress: 
    downloaded: 5159656
    packageId: "registry.npmjs.org/pnpm/3.0.1"
    status: "in_progress"
  412 debug pnpm:fetching-progress: 
    downloaded: 5163752
    packageId: "registry.npmjs.org/pnpm/3.0.1"
    status: "in_progress"
  413 debug pnpm:fetching-progress: 
    downloaded: 5180136
    packageId: "registry.npmjs.org/pnpm/3.0.1"
    status: "in_progress"
  414 debug pnpm:fetching-progress: 
    downloaded: 5184232
    packageId: "registry.npmjs.org/pnpm/3.0.1"
    status: "in_progress"
  415 debug pnpm:fetching-progress: 
    downloaded: 5196520
    packageId: "registry.npmjs.org/pnpm/3.0.1"
    status: "in_progress"
  416 debug pnpm:fetching-progress: 
    downloaded: 5204712
    packageId: "registry.npmjs.org/pnpm/3.0.1"
    status: "in_progress"
  417 debug pnpm:fetching-progress: 
    downloaded: 5217000
    packageId: "registry.npmjs.org/pnpm/3.0.1"
    status: "in_progress"
  418 debug pnpm:fetching-progress: 
    downloaded: 5229288
    packageId: "registry.npmjs.org/pnpm/3.0.1"
    status: "in_progress"
  419 debug pnpm:fetching-progress: 
    downloaded: 5241576
    packageId: "registry.npmjs.org/pnpm/3.0.1"
    status: "in_progress"
  420 debug pnpm:fetching-progress: 
    downloaded: 5253864
    packageId: "registry.npmjs.org/pnpm/3.0.1"
    status: "in_progress"
  421 debug pnpm:fetching-progress: 
    downloaded: 5270248
    packageId: "registry.npmjs.org/pnpm/3.0.1"
    status: "in_progress"
  422 debug pnpm:fetching-progress: 
    downloaded: 5271617
    packageId: "registry.npmjs.org/pnpm/3.0.1"
    status: "in_progress"
  423 debug pnpm:fetching-progress: 
    downloaded: 5272986
    packageId: "registry.npmjs.org/pnpm/3.0.1"
    status: "in_progress"
  424 debug pnpm:fetching-progress: 
    downloaded: 5274355
    packageId: "registry.npmjs.org/pnpm/3.0.1"
    status: "in_progress"
  425 debug pnpm:fetching-progress: 
    downloaded: 5275724
    packageId: "registry.npmjs.org/pnpm/3.0.1"
    status: "in_progress"
  426 debug pnpm:fetching-progress: 
    downloaded: 5277093
    packageId: "registry.npmjs.org/pnpm/3.0.1"
    status: "in_progress"
  427 debug pnpm:fetching-progress: 
    downloaded: 5278462
    packageId: "registry.npmjs.org/pnpm/3.0.1"
    status: "in_progress"
  428 debug pnpm:fetching-progress: 
    downloaded: 5279831
    packageId: "registry.npmjs.org/pnpm/3.0.1"
    status: "in_progress"
  429 debug pnpm:fetching-progress: 
    downloaded: 5281200
    packageId: "registry.npmjs.org/pnpm/3.0.1"
    status: "in_progress"
  430 debug pnpm:fetching-progress: 
    downloaded: 5282569
    packageId: "registry.npmjs.org/pnpm/3.0.1"
    status: "in_progress"
  431 debug pnpm:fetching-progress: 
    downloaded: 5283938
    packageId: "registry.npmjs.org/pnpm/3.0.1"
    status: "in_progress"
  432 debug pnpm:fetching-progress: 
    downloaded: 5285307
    packageId: "registry.npmjs.org/pnpm/3.0.1"
    status: "in_progress"
  433 debug pnpm:fetching-progress: 
    downloaded: 5286676
    packageId: "registry.npmjs.org/pnpm/3.0.1"
    status: "in_progress"
  434 debug pnpm:fetching-progress: 
    downloaded: 5288045
    packageId: "registry.npmjs.org/pnpm/3.0.1"
    status: "in_progress"
  435 debug pnpm:fetching-progress: 
    downloaded: 5289414
    packageId: "registry.npmjs.org/pnpm/3.0.1"
    status: "in_progress"
  436 debug pnpm:fetching-progress: 
    downloaded: 5290783
    packageId: "registry.npmjs.org/pnpm/3.0.1"
    status: "in_progress"
  437 debug pnpm:fetching-progress: 
    downloaded: 5292152
    packageId: "registry.npmjs.org/pnpm/3.0.1"
    status: "in_progress"
  438 debug pnpm:fetching-progress: 
    downloaded: 5293521
    packageId: "registry.npmjs.org/pnpm/3.0.1"
    status: "in_progress"
  439 debug pnpm:fetching-progress: 
    downloaded: 5294890
    packageId: "registry.npmjs.org/pnpm/3.0.1"
    status: "in_progress"
  440 debug pnpm:fetching-progress: 
    downloaded: 5296259
    packageId: "registry.npmjs.org/pnpm/3.0.1"
    status: "in_progress"
  441 debug pnpm:fetching-progress: 
    downloaded: 5297628
    packageId: "registry.npmjs.org/pnpm/3.0.1"
    status: "in_progress"
  442 debug pnpm:fetching-progress: 
    downloaded: 5298997
    packageId: "registry.npmjs.org/pnpm/3.0.1"
    status: "in_progress"
  443 debug pnpm:fetching-progress: 
    downloaded: 5300366
    packageId: "registry.npmjs.org/pnpm/3.0.1"
    status: "in_progress"
  444 debug pnpm:fetching-progress: 
    downloaded: 5301735
    packageId: "registry.npmjs.org/pnpm/3.0.1"
    status: "in_progress"
  445 debug pnpm:fetching-progress: 
    downloaded: 5303016
    packageId: "registry.npmjs.org/pnpm/3.0.1"
    status: "in_progress"
  446 debug pnpm:fetching-progress: 
    downloaded: 5304385
    packageId: "registry.npmjs.org/pnpm/3.0.1"
    status: "in_progress"
  447 debug pnpm:fetching-progress: 
    downloaded: 5305754
    packageId: "registry.npmjs.org/pnpm/3.0.1"
    status: "in_progress"
  448 debug pnpm:fetching-progress: 
    downloaded: 5307123
    packageId: "registry.npmjs.org/pnpm/3.0.1"
    status: "in_progress"
  449 debug pnpm:fetching-progress: 
    downloaded: 5308492
    packageId: "registry.npmjs.org/pnpm/3.0.1"
    status: "in_progress"
  450 debug pnpm:fetching-progress: 
    downloaded: 5309861
    packageId: "registry.npmjs.org/pnpm/3.0.1"
    status: "in_progress"
  451 debug pnpm:fetching-progress: 
    downloaded: 5311230
    packageId: "registry.npmjs.org/pnpm/3.0.1"
    status: "in_progress"
  452 debug pnpm:fetching-progress: 
    downloaded: 5312599
    packageId: "registry.npmjs.org/pnpm/3.0.1"
    status: "in_progress"
  453 debug pnpm:fetching-progress: 
    downloaded: 5313968
    packageId: "registry.npmjs.org/pnpm/3.0.1"
    status: "in_progress"
  454 debug pnpm:fetching-progress: 
    downloaded: 5315337
    packageId: "registry.npmjs.org/pnpm/3.0.1"
    status: "in_progress"
  455 debug pnpm:fetching-progress: 
    downloaded: 5316706
    packageId: "registry.npmjs.org/pnpm/3.0.1"
    status: "in_progress"
  456 debug pnpm:fetching-progress: 
    downloaded: 5318075
    packageId: "registry.npmjs.org/pnpm/3.0.1"
    status: "in_progress"
  457 debug pnpm:fetching-progress: 
    downloaded: 5319444
    packageId: "registry.npmjs.org/pnpm/3.0.1"
    status: "in_progress"
  458 debug pnpm:fetching-progress: 
    downloaded: 5320813
    packageId: "registry.npmjs.org/pnpm/3.0.1"
    status: "in_progress"
  459 debug pnpm:fetching-progress: 
    downloaded: 5322182
    packageId: "registry.npmjs.org/pnpm/3.0.1"
    status: "in_progress"
  460 debug pnpm:fetching-progress: 
    downloaded: 5323551
    packageId: "registry.npmjs.org/pnpm/3.0.1"
    status: "in_progress"
  461 debug pnpm:fetching-progress: 
    downloaded: 5324920
    packageId: "registry.npmjs.org/pnpm/3.0.1"
    status: "in_progress"
  462 debug pnpm:fetching-progress: 
    downloaded: 5329149
    packageId: "registry.npmjs.org/pnpm/3.0.1"
    status: "in_progress"
  463 debug pnpm:fetching-progress: 
    downloaded: 5333378
    packageId: "registry.npmjs.org/pnpm/3.0.1"
    status: "in_progress"
  464 debug pnpm:fetching-progress: 
    downloaded: 5335784
    packageId: "registry.npmjs.org/pnpm/3.0.1"
    status: "in_progress"
  465 debug pnpm:fetching-progress: 
    downloaded: 5340013
    packageId: "registry.npmjs.org/pnpm/3.0.1"
    status: "in_progress"
  466 debug pnpm:fetching-progress: 
    downloaded: 5344242
    packageId: "registry.npmjs.org/pnpm/3.0.1"
    status: "in_progress"
  467 debug pnpm:fetching-progress: 
    downloaded: 5348471
    packageId: "registry.npmjs.org/pnpm/3.0.1"
    status: "in_progress"
  468 debug pnpm:fetching-progress: 
    downloaded: 5352700
    packageId: "registry.npmjs.org/pnpm/3.0.1"
    status: "in_progress"
  469 debug pnpm:fetching-progress: 
    downloaded: 5356929
    packageId: "registry.npmjs.org/pnpm/3.0.1"
    status: "in_progress"
  470 debug pnpm:fetching-progress: 
    downloaded: 5358895
    packageId: "registry.npmjs.org/pnpm/3.0.1"
    status: "in_progress"
  471 debug pnpm:progress: 
    packageId: "registry.npmjs.org/pnpm/3.0.1"
    requester: "C:\\Users\\Arsh\\AppData\\Roaming\\npm\\pnpm-global\\2"
    status: "fetched"
  472 debug pnpm:importing: 
    from: "C:\\Users\\Arsh\\.pnpm-store\\2\\registry.npmjs.org\\pnpm\\3.0.1\\node_modules\\pnpm"
    to: "C:\\Users\\Arsh\\AppData\\Roaming\\npm\\pnpm-global\\2\\node_modules\\.registry.npmjs.org\\pnpm\\3.0.1\\node_modules\\pnpm"
    method: "hardlink"
  473 debug pnpm:stage: 
    prefix: "C:\\Users\\Arsh\\AppData\\Roaming\\npm\\pnpm-global\\2"
    stage: "importing_done"
  474 debug pnpm:link: 
    target: "C:\\Users\\Arsh\\AppData\\Roaming\\npm\\pnpm-global\\2\\node_modules\\.registry.npmjs.org\\pnpm\\3.0.1\\node_modules\\pnpm"
    link: "C:\\Users\\Arsh\\AppData\\Roaming\\npm\\pnpm-global\\2\\node_modules\\pnpm"
  475 debug pnpm:root: 
    added: 
      dependencyType: "prod"
      id: "registry.npmjs.org/pnpm/3.0.1"
      name: "pnpm"
      realName: "pnpm"
      version: "3.0.1"
    prefix: "C:\\Users\\Arsh\\AppData\\Roaming\\npm\\pnpm-global\\2"
  476 error pnpm: 
    message: 
      errno: -4048
      code: "EPERM"
      syscall: "open"
      path: "C:\\Users\\Arsh\\AppData\\Roaming\\npm\\pnpm"
    err: 
      name: "Error"
      message: "EPERM: operation not permitted, open 'C:\\Users\\Arsh\\AppData\\Roaming\\npm\\pnpm'"
      code: "EPERM"
      stack: "Error: EPERM: operation not permitted, open 'C:\\Users\\Arsh\\AppData\\Roaming\\npm\\pnpm'"
